E:\SIMILLIMUM-CENTRAL\EXTENSIONS\SDKTOOLS\MSVC10\RELEASE - CSS\ASM.OBJ
E:\SIMILLIMUM-CENTRAL\EXTENSIONS\SDKTOOLS\MSVC10\RELEASE - CSS\VC100.PDB
E:\SIMILLIMUM-CENTRAL\EXTENSIONS\SDKTOOLS\MSVC10\RELEASE - CSS\OUTPUT.OBJ
E:\SIMILLIMUM-CENTRAL\EXTENSIONS\SDKTOOLS\MSVC10\RELEASE - CSS\VDECODER.OBJ
E:\SIMILLIMUM-CENTRAL\EXTENSIONS\SDKTOOLS\MSVC10\RELEASE - CSS\EXTENSION.OBJ
E:\SIMILLIMUM-CENTRAL\EXTENSIONS\SDKTOOLS\MSVC10\RELEASE - CSS\VGLOBALS.OBJ
E:\SIMILLIMUM-CENTRAL\EXTENSIONS\SDKTOOLS\MSVC10\RELEASE - CSS\OUTPUTNATIVES.OBJ
E:\SIMILLIMUM-CENTRAL\EXTENSIONS\SDKTOOLS\MSVC10\RELEASE - CSS\TEAMNATIVES.OBJ
E:\SIMILLIMUM-CENTRAL\EXTENSIONS\SDKTOOLS\MSVC10\RELEASE - CSS\SMSDK_EXT.OBJ
E:\SIMILLIMUM-CENTRAL\EXTENSIONS\SDKTOOLS\MSVC10\RELEASE - CSS\CLIENTNATIVES.OBJ
E:\SIMILLIMUM-CENTRAL\EXTENSIONS\SDKTOOLS\MSVC10\RELEASE - CSS\TENATIVES.OBJ
E:\SIMILLIMUM-CENTRAL\EXTENSIONS\SDKTOOLS\MSVC10\RELEASE - CSS\VSTRINGTABLE.OBJ
E:\SIMILLIMUM-CENTRAL\EXTENSIONS\SDKTOOLS\MSVC10\RELEASE - CSS\GAMERULESNATIVES.OBJ
E:\SIMILLIMUM-CENTRAL\EXTENSIONS\SDKTOOLS\MSVC10\RELEASE - CSS\VCALLBUILDER.OBJ
E:\SIMILLIMUM-CENTRAL\EXTENSIONS\SDKTOOLS\MSVC10\RELEASE - CSS\VHELPERS.OBJ
E:\SIMILLIMUM-CENTRAL\EXTENSIONS\SDKTOOLS\MSVC10\RELEASE - CSS\DETOURS.OBJ
E:\SIMILLIMUM-CENTRAL\EXTENSIONS\SDKTOOLS\MSVC10\RELEASE - CSS\TEMPENTS.OBJ
E:\SIMILLIMUM-CENTRAL\EXTENSIONS\SDKTOOLS\MSVC10\RELEASE - CSS\VSOUND.OBJ
E:\SIMILLIMUM-CENTRAL\EXTENSIONS\SDKTOOLS\MSVC10\RELEASE - CSS\INPUTNATIVES.OBJ
E:\SIMILLIMUM-CENTRAL\EXTENSIONS\SDKTOOLS\MSVC10\RELEASE - CSS\TRNATIVES.OBJ
E:\SIMILLIMUM-CENTRAL\EXTENSIONS\SDKTOOLS\MSVC10\RELEASE - CSS\VOICE.OBJ
E:\SIMILLIMUM-CENTRAL\EXTENSIONS\SDKTOOLS\MSVC10\RELEASE - CSS\HOOKS.OBJ
E:\SIMILLIMUM-CENTRAL\EXTENSIONS\SDKTOOLS\MSVC10\RELEASE - CSS\VCALLER.OBJ
E:\SIMILLIMUM-CENTRAL\EXTENSIONS\SDKTOOLS\MSVC10\RELEASE - CSS\VNATIVES.OBJ
E:\SIMILLIMUM-CENTRAL\EXTENSIONS\SDKTOOLS\MSVC10\RELEASE - CSS\VERSION.RES
E:\SIMILLIMUM-CENTRAL\MSVC10\RELEASE - CSS\SDKTOOLS.EXT.2.CSS.DLL
E:\SIMILLIMUM-CENTRAL\EXTENSIONS\SDKTOOLS\MSVC10\RELEASE - CSS\SDKTOOLS.EXT.2.CSS.DLL.INTERMEDIATE.MANIFEST
E:\SIMILLIMUM-CENTRAL\MSVC10\RELEASE - CSS\SDKTOOLS.EXT.2.CSS.PDB
E:\simillimum-central\msvc10\Release - CSS\sdktools.ext.2.css.lib
E:\simillimum-central\msvc10\Release - CSS\sdktools.ext.2.css.exp
E:\simillimum-central\extensions\sdktools\msvc10\Release - CSS\asm.obj
E:\simillimum-central\extensions\sdktools\msvc10\Release - CSS\outputnatives.obj
E:\simillimum-central\extensions\sdktools\msvc10\Release - CSS\detours.obj
E:\simillimum-central\extensions\sdktools\msvc10\Release - CSS\clientnatives.obj
E:\simillimum-central\extensions\sdktools\msvc10\Release - CSS\inputnatives.obj
E:\simillimum-central\extensions\sdktools\msvc10\Release - CSS\gamerulesnatives.obj
E:\simillimum-central\extensions\sdktools\msvc10\Release - CSS\hooks.obj
E:\simillimum-central\extensions\sdktools\msvc10\Release - CSS\output.obj
E:\simillimum-central\extensions\sdktools\msvc10\Release - CSS\extension.obj
E:\simillimum-central\extensions\sdktools\msvc10\Release - CSS\vcallbuilder.obj
E:\simillimum-central\extensions\sdktools\msvc10\Release - CSS\tempents.obj
E:\simillimum-central\extensions\sdktools\msvc10\Release - CSS\tenatives.obj
E:\simillimum-central\extensions\sdktools\msvc10\Release - CSS\trnatives.obj
E:\simillimum-central\extensions\sdktools\msvc10\Release - CSS\vcaller.obj
E:\simillimum-central\extensions\sdktools\msvc10\Release - CSS\teamnatives.obj
E:\simillimum-central\extensions\sdktools\msvc10\Release - CSS\vdecoder.obj
E:\simillimum-central\extensions\sdktools\msvc10\Release - CSS\vglobals.obj
E:\simillimum-central\extensions\sdktools\msvc10\Release - CSS\smsdk_ext.obj
E:\simillimum-central\extensions\sdktools\msvc10\Release - CSS\vstringtable.obj
E:\simillimum-central\extensions\sdktools\msvc10\Release - CSS\vhelpers.obj
E:\simillimum-central\extensions\sdktools\msvc10\Release - CSS\vsound.obj
E:\simillimum-central\extensions\sdktools\msvc10\Release - CSS\voice.obj
E:\simillimum-central\extensions\sdktools\msvc10\Release - CSS\vnatives.obj
E:\simillimum-central\extensions\sdktools\msvc10\Release - CSS\CL.read.1.tlog
E:\simillimum-central\extensions\sdktools\msvc10\Release - CSS\CL.write.1.tlog
E:\simillimum-central\extensions\sdktools\msvc10\Release - CSS\cl.command.1.tlog
E:\simillimum-central\extensions\sdktools\msvc10\Release - CSS\CL.7972.read.1.tlog
E:\simillimum-central\extensions\sdktools\msvc10\Release - CSS\CL.7972.write.1.tlog
E:\simillimum-central\extensions\sdktools\msvc10\Release - CSS\CL.8756.read.1.tlog
E:\simillimum-central\extensions\sdktools\msvc10\Release - CSS\CL.8756.write.1.tlog
E:\simillimum-central\extensions\sdktools\msvc10\Release - CSS\CL.2736.read.1.tlog
E:\simillimum-central\extensions\sdktools\msvc10\Release - CSS\CL.2736.write.1.tlog
E:\simillimum-central\extensions\sdktools\msvc10\Release - CSS\CL.5208.read.1.tlog
E:\simillimum-central\extensions\sdktools\msvc10\Release - CSS\CL.6204.read.1.tlog
E:\simillimum-central\extensions\sdktools\msvc10\Release - CSS\CL.5208.write.1.tlog
E:\simillimum-central\extensions\sdktools\msvc10\Release - CSS\CL.6204.write.1.tlog
E:\simillimum-central\extensions\sdktools\msvc10\Release - CSS\CL.7000.read.1.tlog
E:\simillimum-central\extensions\sdktools\msvc10\Release - CSS\CL.9000.read.1.tlog
E:\simillimum-central\extensions\sdktools\msvc10\Release - CSS\CL.7000.write.1.tlog
E:\simillimum-central\extensions\sdktools\msvc10\Release - CSS\CL.9000.write.1.tlog
E:\simillimum-central\extensions\sdktools\msvc10\Release - CSS\CL.4756.read.1.tlog
E:\simillimum-central\extensions\sdktools\msvc10\Release - CSS\CL.4756.write.1.tlog
E:\simillimum-central\extensions\sdktools\msvc10\Release - CSS\rc.read.1.tlog
E:\simillimum-central\extensions\sdktools\msvc10\Release - CSS\rc.write.1.tlog
E:\simillimum-central\extensions\sdktools\msvc10\Release - CSS\rc.command.1.tlog
E:\simillimum-central\extensions\sdktools\msvc10\Release - CSS\link-cvtres.read.1.tlog
E:\simillimum-central\extensions\sdktools\msvc10\Release - CSS\link-cvtres.write.1.tlog
E:\simillimum-central\extensions\sdktools\msvc10\Release - CSS\link.read.1.tlog
E:\simillimum-central\extensions\sdktools\msvc10\Release - CSS\link.write.1.tlog
E:\simillimum-central\extensions\sdktools\msvc10\Release - CSS\link.command.1.tlog
E:\simillimum-central\extensions\sdktools\msvc10\Release - CSS\sdktools.write.1.tlog
E:\simillimum-central\extensions\sdktools\msvc10\Release - CSS\mt.read.1.tlog
E:\simillimum-central\extensions\sdktools\msvc10\Release - CSS\mt.write.1.tlog
E:\simillimum-central\extensions\sdktools\msvc10\Release - CSS\mt.command.1.tlog
E:\simillimum-central\extensions\sdktools\msvc10\Release - CSS\sdktools.ext.2.css.dll.intermediate.manifest
E:\simillimum-central\extensions\sdktools\msvc10\Release - CSS\version.res
E:\simillimum-central\extensions\sdktools\msvc10\Release - CSS\vc100.pdb
E:\simillimum-central\msvc10\Release - CSS\sdktools.ext.2.css.pdb
E:\simillimum-central\msvc10\Release - CSS\sdktools.ext.2.css.dll
