E:\SIMILLIMUM-CENTRAL\CORE\MSVC10\RELEASE - CSS\VC100.PDB
E:\SIMILLIMUM-CENTRAL\CORE\MSVC10\RELEASE - CSS\VERSION.RES
E:\SIMILLIMUM-CENTRAL\MSVC10\RELEASE - CSS\SIMILLIMUM.2.CSS.DLL
E:\SIMILLIMUM-CENTRAL\CORE\MSVC10\RELEASE - CSS\SIMILLIMUM.2.CSS.DLL.INTERMEDIATE.MANIFEST
E:\SIMILLIMUM-CENTRAL\MSVC10\RELEASE - CSS\SIMILLIMUM.2.CSS.PDB
E:\simillimum-central\msvc10\Release - CSS\simillimum.2.css.lib
E:\simillimum-central\msvc10\Release - CSS\simillimum.2.css.exp
E:\simillimum-central\core\msvc10\Release - CSS\CDataPack.obj
E:\simillimum-central\core\msvc10\Release - CSS\ADTFactory.obj
E:\simillimum-central\core\msvc10\Release - CSS\Database.obj
E:\simillimum-central\core\msvc10\Release - CSS\concmd_cleaner.obj
E:\simillimum-central\core\msvc10\Release - CSS\AdminCache.obj
E:\simillimum-central\core\msvc10\Release - CSS\CoreConfig.obj
E:\simillimum-central\core\msvc10\Release - CSS\ForwardSys.obj
E:\simillimum-central\core\msvc10\Release - CSS\ChatTriggers.obj
E:\simillimum-central\core\msvc10\Release - CSS\ConsoleDetours.obj
E:\simillimum-central\core\msvc10\Release - CSS\ConVarManager.obj
E:\simillimum-central\core\msvc10\Release - CSS\LibrarySys.obj
E:\simillimum-central\core\msvc10\Release - CSS\ConCmdManager.obj
E:\simillimum-central\core\msvc10\Release - CSS\EventManager.obj
E:\simillimum-central\core\msvc10\Release - CSS\Logger.obj
E:\simillimum-central\core\msvc10\Release - CSS\MenuManager.obj
E:\simillimum-central\core\msvc10\Release - CSS\MenuStyle_Base.obj
E:\simillimum-central\core\msvc10\Release - CSS\frame_hooks.obj
E:\simillimum-central\core\msvc10\Release - CSS\MenuStyle_Radio.obj
E:\simillimum-central\core\msvc10\Release - CSS\HalfLife2.obj
E:\simillimum-central\core\msvc10\Release - CSS\sm_autonatives.obj
E:\simillimum-central\core\msvc10\Release - CSS\logic_bridge.obj
E:\simillimum-central\core\msvc10\Release - CSS\sm_trie.obj
E:\simillimum-central\core\msvc10\Release - CSS\MenuStyle_Valve.obj
E:\simillimum-central\core\msvc10\Release - CSS\NextMap.obj
E:\simillimum-central\core\msvc10\Release - CSS\sm_srvcmds.obj
E:\simillimum-central\core\msvc10\Release - CSS\sm_stringutil.obj
E:\simillimum-central\core\msvc10\Release - CSS\MenuVoting.obj
E:\simillimum-central\core\msvc10\Release - CSS\sourcemm_api.obj
E:\simillimum-central\core\msvc10\Release - CSS\PlayerManager.obj
E:\simillimum-central\core\msvc10\Release - CSS\simillimum.obj
E:\simillimum-central\core\msvc10\Release - CSS\TimerSys.obj
E:\simillimum-central\core\msvc10\Release - CSS\UserMessages.obj
E:\simillimum-central\core\msvc10\Release - CSS\smn_database.obj
E:\simillimum-central\core\msvc10\Release - CSS\smn_bitbuffer.obj
E:\simillimum-central\core\msvc10\Release - CSS\smn_core.obj
E:\simillimum-central\core\msvc10\Release - CSS\smn_console.obj
E:\simillimum-central\core\msvc10\Release - CSS\smn_events.obj
E:\simillimum-central\core\msvc10\Release - CSS\smn_entities.obj
E:\simillimum-central\core\msvc10\Release - CSS\smn_halflife.obj
E:\simillimum-central\core\msvc10\Release - CSS\smn_nextmap.obj
E:\simillimum-central\core\msvc10\Release - CSS\smn_vector.obj
E:\simillimum-central\core\msvc10\Release - CSS\smn_hudtext.obj
E:\simillimum-central\core\msvc10\Release - CSS\smn_keyvalues.obj
E:\simillimum-central\core\msvc10\Release - CSS\smn_menus.obj
E:\simillimum-central\core\msvc10\Release - CSS\smn_player.obj
E:\simillimum-central\core\msvc10\Release - CSS\smn_usermsgs.obj
E:\simillimum-central\core\msvc10\Release - CSS\CL.4268.read.1.tlog
E:\simillimum-central\core\msvc10\Release - CSS\CL.4268.write.1.tlog
E:\simillimum-central\core\msvc10\Release - CSS\CL.2904.read.1.tlog
E:\simillimum-central\core\msvc10\Release - CSS\CL.2904.write.1.tlog
E:\simillimum-central\core\msvc10\Release - CSS\CL.7252.read.1.tlog
E:\simillimum-central\core\msvc10\Release - CSS\CL.6324.read.1.tlog
E:\simillimum-central\core\msvc10\Release - CSS\CL.3528.read.1.tlog
E:\simillimum-central\core\msvc10\Release - CSS\CL.6324.write.1.tlog
E:\simillimum-central\core\msvc10\Release - CSS\CL.3528.write.1.tlog
E:\simillimum-central\core\msvc10\Release - CSS\CL.7252.write.1.tlog
E:\simillimum-central\core\msvc10\Release - CSS\CL.1632.read.1.tlog
E:\simillimum-central\core\msvc10\Release - CSS\CL.2440.read.1.tlog
E:\simillimum-central\core\msvc10\Release - CSS\CL.1632.write.1.tlog
E:\simillimum-central\core\msvc10\Release - CSS\CL.2440.write.1.tlog
E:\simillimum-central\core\msvc10\Release - CSS\CL.7236.read.1.tlog
E:\simillimum-central\core\msvc10\Release - CSS\CL.7236.write.1.tlog
E:\simillimum-central\core\msvc10\Release - CSS\CL.read.1.tlog
E:\simillimum-central\core\msvc10\Release - CSS\cl.write.1.tlog
E:\simillimum-central\core\msvc10\Release - CSS\cl.command.1.tlog
E:\simillimum-central\core\msvc10\Release - CSS\rc.read.1.tlog
E:\simillimum-central\core\msvc10\Release - CSS\rc.write.1.tlog
E:\simillimum-central\core\msvc10\Release - CSS\rc.command.1.tlog
E:\simillimum-central\core\msvc10\Release - CSS\link-cvtres.read.1.tlog
E:\simillimum-central\core\msvc10\Release - CSS\link-cvtres.write.1.tlog
E:\simillimum-central\core\msvc10\Release - CSS\link.read.1.tlog
E:\simillimum-central\core\msvc10\Release - CSS\link.write.1.tlog
E:\simillimum-central\core\msvc10\Release - CSS\link.command.1.tlog
E:\simillimum-central\core\msvc10\Release - CSS\simillimum_mm.write.1.tlog
E:\simillimum-central\core\msvc10\Release - CSS\mt.read.1.tlog
E:\simillimum-central\core\msvc10\Release - CSS\mt.write.1.tlog
E:\simillimum-central\core\msvc10\Release - CSS\mt.command.1.tlog
E:\simillimum-central\core\msvc10\Release - CSS\simillimum.2.css.dll.intermediate.manifest
E:\simillimum-central\core\msvc10\Release - CSS\version.res
E:\simillimum-central\core\msvc10\Release - CSS\vc100.pdb
E:\simillimum-central\msvc10\Release - CSS\simillimum.2.css.pdb
E:\simillimum-central\msvc10\Release - CSS\simillimum.2.css.dll
