E:\SIMILLIMUM-CENTRAL\EXTENSIONS\CSTRIKE\MSVC10\RELEASE - CSS\DETOURS.OBJ
E:\SIMILLIMUM-CENTRAL\EXTENSIONS\CSTRIKE\MSVC10\RELEASE - CSS\SMSDK_EXT.OBJ
E:\SIMILLIMUM-CENTRAL\EXTENSIONS\CSTRIKE\MSVC10\RELEASE - CSS\UTIL_CSTRIKE.OBJ
E:\SIMILLIMUM-CENTRAL\EXTENSIONS\CSTRIKE\MSVC10\RELEASE - CSS\TIMELEFT.OBJ
E:\SIMILLIMUM-CENTRAL\EXTENSIONS\CSTRIKE\MSVC10\RELEASE - CSS\REGNATIVES.OBJ
E:\SIMILLIMUM-CENTRAL\EXTENSIONS\CSTRIKE\MSVC10\RELEASE - CSS\NATIVES.OBJ
E:\SIMILLIMUM-CENTRAL\EXTENSIONS\CSTRIKE\MSVC10\RELEASE - CSS\FORWARDS.OBJ
E:\SIMILLIMUM-CENTRAL\EXTENSIONS\CSTRIKE\MSVC10\RELEASE - CSS\EXTENSION.OBJ
E:\SIMILLIMUM-CENTRAL\EXTENSIONS\CSTRIKE\MSVC10\RELEASE - CSS\VC100.PDB
E:\SIMILLIMUM-CENTRAL\EXTENSIONS\CSTRIKE\MSVC10\RELEASE - CSS\ASM.OBJ
E:\SIMILLIMUM-CENTRAL\MSVC10\RELEASE - CSS\GAME.CSTRIKE.EXT.2.CSS.DLL
E:\SIMILLIMUM-CENTRAL\EXTENSIONS\CSTRIKE\MSVC10\RELEASE - CSS\GAME.CSTRIKE.EXT.2.CSS.DLL.INTERMEDIATE.MANIFEST
E:\SIMILLIMUM-CENTRAL\MSVC10\RELEASE - CSS\GAME.CSTRIKE.EXT.2.CSS.PDB
E:\simillimum-central\msvc10\Release - CSS\game.cstrike.ext.2.css.lib
E:\simillimum-central\msvc10\Release - CSS\game.cstrike.ext.2.css.exp
E:\simillimum-central\extensions\cstrike\msvc10\Release - CSS\detours.obj
E:\simillimum-central\extensions\cstrike\msvc10\Release - CSS\smsdk_ext.obj
E:\simillimum-central\extensions\cstrike\msvc10\Release - CSS\util_cstrike.obj
E:\simillimum-central\extensions\cstrike\msvc10\Release - CSS\timeleft.obj
E:\simillimum-central\extensions\cstrike\msvc10\Release - CSS\RegNatives.obj
E:\simillimum-central\extensions\cstrike\msvc10\Release - CSS\natives.obj
E:\simillimum-central\extensions\cstrike\msvc10\Release - CSS\forwards.obj
E:\simillimum-central\extensions\cstrike\msvc10\Release - CSS\extension.obj
E:\simillimum-central\extensions\cstrike\msvc10\Release - CSS\asm.obj
E:\simillimum-central\extensions\cstrike\msvc10\Release - CSS\CL.read.1.tlog
E:\simillimum-central\extensions\cstrike\msvc10\Release - CSS\CL.write.1.tlog
E:\simillimum-central\extensions\cstrike\msvc10\Release - CSS\cl.command.1.tlog
E:\simillimum-central\extensions\cstrike\msvc10\Release - CSS\link.read.1.tlog
E:\simillimum-central\extensions\cstrike\msvc10\Release - CSS\link.write.1.tlog
E:\simillimum-central\extensions\cstrike\msvc10\Release - CSS\link.command.1.tlog
E:\simillimum-central\extensions\cstrike\msvc10\Release - CSS\cstrike.write.1.tlog
E:\simillimum-central\extensions\cstrike\msvc10\Release - CSS\mt.read.1.tlog
E:\simillimum-central\extensions\cstrike\msvc10\Release - CSS\mt.write.1.tlog
E:\simillimum-central\extensions\cstrike\msvc10\Release - CSS\mt.command.1.tlog
E:\simillimum-central\extensions\cstrike\msvc10\Release - CSS\game.cstrike.ext.2.css.dll.intermediate.manifest
E:\simillimum-central\extensions\cstrike\msvc10\Release - CSS\vc100.pdb
E:\simillimum-central\msvc10\Release - CSS\game.cstrike.ext.2.css.pdb
E:\simillimum-central\msvc10\Release - CSS\game.cstrike.ext.2.css.dll
