Build started 2013.05.23. 4:30:18.
     1>Project "E:\simillimum-central\extensions\clientprefs\msvc10\clientprefs.vcxproj" on node 4 (Rebuild target(s)).
     1>_PrepareForClean:
         Deleting file "Release\clientprefs.lastbuildstate".
       InitializeBuildStatus:
         Creating "Release\clientprefs.unsuccessfulbuild" because "AlwaysCreate" was specified.
       ClCompile:
         C:\Program Files (x86)\Microsoft Visual Studio 10.0\VC\bin\CL.exe /c /I.. /I..\sdk /I..\..\..\public /I..\..\..\public\sourcepawn /I"G:\Coding\C++\exts\mmsource-central\core\sourcehook" /Zi /nologo /W3 /WX- /O2 /Ot /Oy- /GL /D WIN32 /D NDEBUG /D _WINDOWS /D _USRDLL /D SDK_EXPORTS /D _CRT_SECURE_NO_DEPRECATE /D SOURCEMOD_BUILD /D _WINDLL /D _MBCS /Gm- /EHsc /MT /GS /fp:precise /Zc:wchar_t /Zc:forScope /GR- /Fo"Release\\" /Fd"Release\vc100.pdb" /Gd /TP /analyze- /errorReport:prompt ..\cookie.cpp ..\extension.cpp ..\menus.cpp ..\natives.cpp ..\query.cpp ..\sdk\smsdk_ext.cpp
         cookie.cpp
         extension.cpp
         menus.cpp
         natives.cpp
     1>..\natives.cpp(448): warning C4244: 'return' : conversion from 'time_t' to 'cell_t', possible loss of data
         query.cpp
         smsdk_ext.cpp
       ResourceCompile:
         C:\Program Files (x86)\Microsoft SDKs\Windows\v7.0A\bin\rc.exe /D "BINARY_NAME=\"\\\"clientprefs.ext.dll\\\"\"" /l"0x0409" /I..\..\..\public /nologo /fo"Release\version.res" ..\version.rc 
       Link:
         C:\Program Files (x86)\Microsoft Visual Studio 10.0\VC\bin\link.exe /ERRORREPORT:PROMPT /OUT:"E:\simillimum-central\msvc10\Release\clientprefs.ext.dll" /INCREMENTAL:NO /NOLOGO kernel32.lib user32.lib gdi32.lib winspool.lib comdlg32.lib advapi32.lib shell32.lib ole32.lib oleaut32.lib uuid.lib odbc32.lib odbccp32.lib /NODEFAULTLIB:LIBC /NODEFAULTLIB:LIBCD /NODEFAULTLIB:LIBCMTD /MANIFEST /ManifestFile:"Release\clientprefs.ext.dll.intermediate.manifest" /MANIFESTUAC:"level='asInvoker' uiAccess='false'" /DEBUG /PDB:"E:\simillimum-central\msvc10\Release\clientprefs.ext.pdb" /SUBSYSTEM:WINDOWS /OPT:REF /OPT:ICF /LTCG /TLBID:1 /DYNAMICBASE:NO /IMPLIB:"E:\simillimum-central\msvc10\Release\clientprefs.ext.lib" /MACHINE:X86 /DLL Release\version.res
         Release\cookie.obj
         Release\extension.obj
         Release\menus.obj
         Release\natives.obj
         Release\query.obj
         Release\smsdk_ext.obj
            Creating library E:\simillimum-central\msvc10\Release\clientprefs.ext.lib and object E:\simillimum-central\msvc10\Release\clientprefs.ext.exp
         Generating code
         Finished generating code
         clientprefs.vcxproj -> E:\simillimum-central\msvc10\Release\clientprefs.ext.dll
       Manifest:
         C:\Program Files (x86)\Microsoft SDKs\Windows\v7.0A\bin\mt.exe /nologo /verbose /outputresource:"E:\simillimum-central\msvc10\Release\clientprefs.ext.dll;#2" /manifest Release\clientprefs.ext.dll.intermediate.manifest
       PostBuildEvent:
         IF NOT "%SMOUTDIR%"=="" copy /Y "E:\simillimum-central\msvc10\Release\clientprefs.ext.dll" "%SMOUTDIR%\extensions\"
         :VCEnd
       FinalizeBuildStatus:
         Deleting file "Release\clientprefs.unsuccessfulbuild".
         Touching "Release\clientprefs.lastbuildstate".
     1>Done Building Project "E:\simillimum-central\extensions\clientprefs\msvc10\clientprefs.vcxproj" (Rebuild target(s)).

Build succeeded.

Time Elapsed 00:00:03.68
