E:\SIMILLIMUM-CENTRAL\EXTENSIONS\CLIENTPREFS\MSVC10\RELEASE\SMSDK_EXT.OBJ
E:\SIMILLIMUM-CENTRAL\EXTENSIONS\CLIENTPREFS\MSVC10\RELEASE\QUERY.OBJ
E:\SIMILLIMUM-CENTRAL\EXTENSIONS\CLIENTPREFS\MSVC10\RELEASE\NATIVES.OBJ
E:\SIMILLIMUM-CENTRAL\EXTENSIONS\CLIENTPREFS\MSVC10\RELEASE\MENUS.OBJ
E:\SIMILLIMUM-CENTRAL\EXTENSIONS\CLIENTPREFS\MSVC10\RELEASE\EXTENSION.OBJ
E:\SIMILLIMUM-CENTRAL\EXTENSIONS\CLIENTPREFS\MSVC10\RELEASE\COOKIE.OBJ
E:\SIMILLIMUM-CENTRAL\EXTENSIONS\CLIENTPREFS\MSVC10\RELEASE\VC100.PDB
E:\SIMILLIMUM-CENTRAL\EXTENSIONS\CLIENTPREFS\MSVC10\RELEASE\VERSION.RES
E:\SIMILLIMUM-CENTRAL\MSVC10\RELEASE\CLIENTPREFS.EXT.DLL
E:\SIMILLIMUM-CENTRAL\EXTENSIONS\CLIENTPREFS\MSVC10\RELEASE\CLIENTPREFS.EXT.DLL.INTERMEDIATE.MANIFEST
E:\SIMILLIMUM-CENTRAL\MSVC10\RELEASE\CLIENTPREFS.EXT.PDB
E:\simillimum-central\msvc10\Release\clientprefs.ext.lib
E:\simillimum-central\msvc10\Release\clientprefs.ext.exp
E:\simillimum-central\extensions\clientprefs\msvc10\Release\smsdk_ext.obj
E:\simillimum-central\extensions\clientprefs\msvc10\Release\query.obj
E:\simillimum-central\extensions\clientprefs\msvc10\Release\natives.obj
E:\simillimum-central\extensions\clientprefs\msvc10\Release\menus.obj
E:\simillimum-central\extensions\clientprefs\msvc10\Release\extension.obj
E:\simillimum-central\extensions\clientprefs\msvc10\Release\cookie.obj
E:\simillimum-central\extensions\clientprefs\msvc10\Release\CL.read.1.tlog
E:\simillimum-central\extensions\clientprefs\msvc10\Release\CL.write.1.tlog
E:\simillimum-central\extensions\clientprefs\msvc10\Release\cl.command.1.tlog
E:\simillimum-central\extensions\clientprefs\msvc10\Release\rc.read.1.tlog
E:\simillimum-central\extensions\clientprefs\msvc10\Release\rc.write.1.tlog
E:\simillimum-central\extensions\clientprefs\msvc10\Release\rc.command.1.tlog
E:\simillimum-central\extensions\clientprefs\msvc10\Release\link-cvtres.read.1.tlog
E:\simillimum-central\extensions\clientprefs\msvc10\Release\link-cvtres.write.1.tlog
E:\simillimum-central\extensions\clientprefs\msvc10\Release\link.read.1.tlog
E:\simillimum-central\extensions\clientprefs\msvc10\Release\link.write.1.tlog
E:\simillimum-central\extensions\clientprefs\msvc10\Release\link.command.1.tlog
E:\simillimum-central\extensions\clientprefs\msvc10\Release\clientprefs.write.1.tlog
E:\simillimum-central\extensions\clientprefs\msvc10\Release\mt.read.1.tlog
E:\simillimum-central\extensions\clientprefs\msvc10\Release\mt.write.1.tlog
E:\simillimum-central\extensions\clientprefs\msvc10\Release\mt.command.1.tlog
E:\simillimum-central\extensions\clientprefs\msvc10\Release\clientprefs.ext.dll.intermediate.manifest
E:\simillimum-central\extensions\clientprefs\msvc10\Release\version.res
E:\simillimum-central\extensions\clientprefs\msvc10\Release\vc100.pdb
E:\simillimum-central\msvc10\Release\clientprefs.ext.pdb
E:\simillimum-central\msvc10\Release\clientprefs.ext.dll
