E:\SIMILLIMUM-CENTRAL\EXTENSIONS\BINTOOLS\MSVC10\RELEASE\SMSDK_EXT.OBJ
E:\SIMILLIMUM-CENTRAL\EXTENSIONS\BINTOOLS\MSVC10\RELEASE\JIT_HOOK.OBJ
E:\SIMILLIMUM-CENTRAL\EXTENSIONS\BINTOOLS\MSVC10\RELEASE\JIT_CALL.OBJ
E:\SIMILLIMUM-CENTRAL\EXTENSIONS\BINTOOLS\MSVC10\RELEASE\HOOKWRAPPER.OBJ
E:\SIMILLIMUM-CENTRAL\EXTENSIONS\BINTOOLS\MSVC10\RELEASE\CALLWRAPPER.OBJ
E:\SIMILLIMUM-CENTRAL\EXTENSIONS\BINTOOLS\MSVC10\RELEASE\CALLMAKER.OBJ
E:\SIMILLIMUM-CENTRAL\EXTENSIONS\BINTOOLS\MSVC10\RELEASE\EXTENSION.OBJ
E:\SIMILLIMUM-CENTRAL\EXTENSIONS\BINTOOLS\MSVC10\RELEASE\VC100.PDB
E:\SIMILLIMUM-CENTRAL\EXTENSIONS\BINTOOLS\MSVC10\RELEASE\VERSION.RES
E:\SIMILLIMUM-CENTRAL\MSVC10\RELEASE\BINTOOLS.EXT.DLL
E:\SIMILLIMUM-CENTRAL\EXTENSIONS\BINTOOLS\MSVC10\RELEASE\BINTOOLS.EXT.DLL.INTERMEDIATE.MANIFEST
E:\SIMILLIMUM-CENTRAL\MSVC10\RELEASE\BINTOOLS.EXT.PDB
E:\simillimum-central\msvc10\Release\bintools.ext.lib
E:\simillimum-central\msvc10\Release\bintools.ext.exp
E:\simillimum-central\extensions\bintools\msvc10\Release\smsdk_ext.obj
E:\simillimum-central\extensions\bintools\msvc10\Release\jit_hook.obj
E:\simillimum-central\extensions\bintools\msvc10\Release\jit_call.obj
E:\simillimum-central\extensions\bintools\msvc10\Release\HookWrapper.obj
E:\simillimum-central\extensions\bintools\msvc10\Release\CallWrapper.obj
E:\simillimum-central\extensions\bintools\msvc10\Release\CallMaker.obj
E:\simillimum-central\extensions\bintools\msvc10\Release\extension.obj
E:\simillimum-central\extensions\bintools\msvc10\Release\CL.read.1.tlog
E:\simillimum-central\extensions\bintools\msvc10\Release\CL.write.1.tlog
E:\simillimum-central\extensions\bintools\msvc10\Release\cl.command.1.tlog
E:\simillimum-central\extensions\bintools\msvc10\Release\rc.read.1.tlog
E:\simillimum-central\extensions\bintools\msvc10\Release\rc.write.1.tlog
E:\simillimum-central\extensions\bintools\msvc10\Release\rc.command.1.tlog
E:\simillimum-central\extensions\bintools\msvc10\Release\link-cvtres.read.1.tlog
E:\simillimum-central\extensions\bintools\msvc10\Release\link-cvtres.write.1.tlog
E:\simillimum-central\extensions\bintools\msvc10\Release\link.read.1.tlog
E:\simillimum-central\extensions\bintools\msvc10\Release\link.write.1.tlog
E:\simillimum-central\extensions\bintools\msvc10\Release\link.command.1.tlog
E:\simillimum-central\extensions\bintools\msvc10\Release\bintools.write.1.tlog
E:\simillimum-central\extensions\bintools\msvc10\Release\mt.read.1.tlog
E:\simillimum-central\extensions\bintools\msvc10\Release\mt.write.1.tlog
E:\simillimum-central\extensions\bintools\msvc10\Release\mt.command.1.tlog
E:\simillimum-central\extensions\bintools\msvc10\Release\bintools.ext.dll.intermediate.manifest
E:\simillimum-central\extensions\bintools\msvc10\Release\version.res
E:\simillimum-central\extensions\bintools\msvc10\Release\vc100.pdb
E:\simillimum-central\msvc10\Release\bintools.ext.pdb
E:\simillimum-central\msvc10\Release\bintools.ext.dll
