E:\SIMILLIMUM-CENTRAL\EXTENSIONS\SQLITE\MSVC10\RELEASE\SQRESULTS.OBJ
E:\SIMILLIMUM-CENTRAL\EXTENSIONS\SQLITE\MSVC10\RELEASE\SQQUERY.OBJ
E:\SIMILLIMUM-CENTRAL\EXTENSIONS\SQLITE\MSVC10\RELEASE\SQDRIVER.OBJ
E:\SIMILLIMUM-CENTRAL\EXTENSIONS\SQLITE\MSVC10\RELEASE\SQDATABASE.OBJ
E:\SIMILLIMUM-CENTRAL\EXTENSIONS\SQLITE\MSVC10\RELEASE\SMSDK_EXT.OBJ
E:\SIMILLIMUM-CENTRAL\EXTENSIONS\SQLITE\MSVC10\RELEASE\SM_MEMTABLE.OBJ
E:\SIMILLIMUM-CENTRAL\EXTENSIONS\SQLITE\MSVC10\RELEASE\EXTENSION.OBJ
E:\SIMILLIMUM-CENTRAL\EXTENSIONS\SQLITE\MSVC10\RELEASE\VC100.PDB
E:\SIMILLIMUM-CENTRAL\EXTENSIONS\SQLITE\MSVC10\RELEASE\SQLITE3.OBJ
E:\SIMILLIMUM-CENTRAL\EXTENSIONS\SQLITE\MSVC10\RELEASE\VERSION.RES
E:\SIMILLIMUM-CENTRAL\MSVC10\RELEASE\DBI.SQLITE.EXT.DLL
E:\SIMILLIMUM-CENTRAL\EXTENSIONS\SQLITE\MSVC10\RELEASE\DBI.SQLITE.EXT.DLL.INTERMEDIATE.MANIFEST
E:\SIMILLIMUM-CENTRAL\MSVC10\RELEASE\DBI.SQLITE.EXT.PDB
E:\simillimum-central\msvc10\Release\dbi.sqlite.ext.lib
E:\simillimum-central\msvc10\Release\dbi.sqlite.ext.exp
E:\simillimum-central\extensions\sqlite\msvc10\Release\SqResults.obj
E:\simillimum-central\extensions\sqlite\msvc10\Release\SqQuery.obj
E:\simillimum-central\extensions\sqlite\msvc10\Release\SqDriver.obj
E:\simillimum-central\extensions\sqlite\msvc10\Release\SqDatabase.obj
E:\simillimum-central\extensions\sqlite\msvc10\Release\smsdk_ext.obj
E:\simillimum-central\extensions\sqlite\msvc10\Release\sm_memtable.obj
E:\simillimum-central\extensions\sqlite\msvc10\Release\extension.obj
E:\simillimum-central\extensions\sqlite\msvc10\Release\sqlite3.obj
E:\simillimum-central\extensions\sqlite\msvc10\Release\CL.read.1.tlog
E:\simillimum-central\extensions\sqlite\msvc10\Release\CL.write.1.tlog
E:\simillimum-central\extensions\sqlite\msvc10\Release\cl.command.1.tlog
E:\simillimum-central\extensions\sqlite\msvc10\Release\rc.read.1.tlog
E:\simillimum-central\extensions\sqlite\msvc10\Release\rc.write.1.tlog
E:\simillimum-central\extensions\sqlite\msvc10\Release\rc.command.1.tlog
E:\simillimum-central\extensions\sqlite\msvc10\Release\link-cvtres.read.1.tlog
E:\simillimum-central\extensions\sqlite\msvc10\Release\link-cvtres.write.1.tlog
E:\simillimum-central\extensions\sqlite\msvc10\Release\link.read.1.tlog
E:\simillimum-central\extensions\sqlite\msvc10\Release\link.write.1.tlog
E:\simillimum-central\extensions\sqlite\msvc10\Release\link.command.1.tlog
E:\simillimum-central\extensions\sqlite\msvc10\Release\sqlite.write.1.tlog
E:\simillimum-central\extensions\sqlite\msvc10\Release\mt.read.1.tlog
E:\simillimum-central\extensions\sqlite\msvc10\Release\mt.write.1.tlog
E:\simillimum-central\extensions\sqlite\msvc10\Release\mt.command.1.tlog
E:\simillimum-central\extensions\sqlite\msvc10\Release\dbi.sqlite.ext.dll.intermediate.manifest
E:\simillimum-central\extensions\sqlite\msvc10\Release\version.res
E:\simillimum-central\extensions\sqlite\msvc10\Release\vc100.pdb
E:\simillimum-central\msvc10\Release\dbi.sqlite.ext.pdb
E:\simillimum-central\msvc10\Release\dbi.sqlite.ext.dll
