Build started 2013.05.23. 4:30:22.
     1>Project "E:\simillimum-central\extensions\sqlite\msvc10\sm_sqlite.vcxproj" on node 4 (Rebuild target(s)).
     1>_PrepareForClean:
         Deleting file "Release\sqlite.lastbuildstate".
       InitializeBuildStatus:
         Creating "Release\sqlite.unsuccessfulbuild" because "AlwaysCreate" was specified.
       ClCompile:
         C:\Program Files (x86)\Microsoft Visual Studio 10.0\VC\bin\CL.exe /c /I.. /I..\sdk /I..\..\..\public /I..\..\..\public\sourcepawn /I"G:\Coding\C++\exts\mmsource-central\core\sourcehook" /Zi /nologo /W3 /WX- /O2 /Ot /Oy- /GL /D WIN32 /D NDEBUG /D _WINDOWS /D _USRDLL /D SDK_EXPORTS /D _CRT_SECURE_NO_DEPRECATE /D SOURCEMOD_BUILD /D SQLITE_THREADSAFE /D SQLITE_OMIT_LOAD_EXTENSION /D _WIN32_WINNT=0x0400 /D _WINDLL /D _MBCS /Gm- /EHsc /MT /GS /fp:precise /Zc:wchar_t /Zc:forScope /GR- /Fo"Release\\" /Fd"Release\vc100.pdb" /Gd /TP /analyze- /errorReport:prompt ..\extension.cpp ..\sdk\sm_memtable.cpp ..\sdk\smsdk_ext.cpp ..\driver\SqDatabase.cpp ..\driver\SqDriver.cpp ..\driver\SqQuery.cpp ..\driver\SqResults.cpp
         extension.cpp
         sm_memtable.cpp
         smsdk_ext.cpp
         SqDatabase.cpp
         SqDriver.cpp
         SqQuery.cpp
         SqResults.cpp
         C:\Program Files (x86)\Microsoft Visual Studio 10.0\VC\bin\CL.exe /c /I.. /I..\sdk /I..\..\..\public /I..\..\..\public\sourcepawn /I"G:\Coding\C++\exts\mmsource-central\core\sourcehook" /Zi /nologo /W3 /WX- /O2 /Ot /Oy- /GL /D WIN32 /D NDEBUG /D _WINDOWS /D _USRDLL /D SDK_EXPORTS /D _CRT_SECURE_NO_DEPRECATE /D SOURCEMOD_BUILD /D SQLITE_THREADSAFE /D SQLITE_OMIT_LOAD_EXTENSION /D _WIN32_WINNT=0x0400 /D _WINDLL /D _MBCS /Gm- /EHsc /MT /GS /fp:precise /Zc:wchar_t /Zc:forScope /GR- /Fo"Release\\" /Fd"Release\vc100.pdb" /Gd /TC /analyze- /errorReport:prompt "..\sqlite-source\sqlite3.c"
         sqlite3.c
       ResourceCompile:
         C:\Program Files (x86)\Microsoft SDKs\Windows\v7.0A\bin\rc.exe /D "BINARY_NAME=\"\\\"dbi.sqlite.ext.dll\\\"\"" /l"0x0409" /I..\..\..\public /nologo /fo"Release\version.res" ..\version.rc 
       Link:
         C:\Program Files (x86)\Microsoft Visual Studio 10.0\VC\bin\link.exe /ERRORREPORT:PROMPT /OUT:"E:\simillimum-central\msvc10\Release\dbi.sqlite.ext.dll" /INCREMENTAL:NO /NOLOGO kernel32.lib user32.lib gdi32.lib winspool.lib comdlg32.lib advapi32.lib shell32.lib ole32.lib oleaut32.lib uuid.lib odbc32.lib odbccp32.lib /NODEFAULTLIB:LIBC /NODEFAULTLIB:LIBCD /NODEFAULTLIB:LIBCMTD /MANIFEST /ManifestFile:"Release\dbi.sqlite.ext.dll.intermediate.manifest" /MANIFESTUAC:"level='asInvoker' uiAccess='false'" /DEBUG /PDB:"E:\simillimum-central\msvc10\Release\dbi.sqlite.ext.pdb" /SUBSYSTEM:WINDOWS /OPT:REF /OPT:ICF /LTCG /TLBID:1 /DYNAMICBASE:NO /IMPLIB:"E:\simillimum-central\msvc10\Release\dbi.sqlite.ext.lib" /MACHINE:X86 /DLL Release\version.res
         Release\extension.obj
         Release\sm_memtable.obj
         Release\smsdk_ext.obj
         Release\sqlite3.obj
         Release\SqDatabase.obj
         Release\SqDriver.obj
         Release\SqQuery.obj
         Release\SqResults.obj
            Creating library E:\simillimum-central\msvc10\Release\dbi.sqlite.ext.lib and object E:\simillimum-central\msvc10\Release\dbi.sqlite.ext.exp
         Generating code
         Finished generating code
         sm_sqlite.vcxproj -> E:\simillimum-central\msvc10\Release\dbi.sqlite.ext.dll
       Manifest:
         C:\Program Files (x86)\Microsoft SDKs\Windows\v7.0A\bin\mt.exe /nologo /verbose /outputresource:"E:\simillimum-central\msvc10\Release\dbi.sqlite.ext.dll;#2" /manifest Release\dbi.sqlite.ext.dll.intermediate.manifest
       PostBuildEvent:
         IF NOT "%SMOUTDIR%"=="" copy "E:\simillimum-central\msvc10\Release\dbi.sqlite.ext.dll" "%SMOUTDIR%\extensions"
         :VCEnd
       FinalizeBuildStatus:
         Deleting file "Release\sqlite.unsuccessfulbuild".
         Touching "Release\sqlite.lastbuildstate".
     1>Done Building Project "E:\simillimum-central\extensions\sqlite\msvc10\sm_sqlite.vcxproj" (Rebuild target(s)).

Build succeeded.

Time Elapsed 00:00:11.24
