Build started 2013.05.23. 4:30:18.
     1>Project "E:\simillimum-central\loader\msvc10\loader.vcxproj" on node 2 (Rebuild target(s)).
     1>_PrepareForClean:
         Deleting file "Release\loader.lastbuildstate".
       InitializeBuildStatus:
         Creating "Release\loader.unsuccessfulbuild" because "AlwaysCreate" was specified.
       ClCompile:
         C:\Program Files (x86)\Microsoft Visual Studio 10.0\VC\bin\CL.exe /c /I.. /I"G:\Coding\C++\exts\mmsource-central\core" /I"G:\Coding\C++\exts\mmsource-central\core\sourcehook" /Zi /nologo /W3 /WX- /O2 /Ot /Oy- /GL /D WIN32 /D NDEBUG /D _WINDOWS /D _USRDLL /D LOADER_EXPORTS /D _CRT_SECURE_NO_DEPRECATE /D _WINDLL /D _MBCS /Gm- /EHsc /MT /GS /fp:precise /Zc:wchar_t /Zc:forScope /GR- /Fo"Release\\" /Fd"Release\vc100.pdb" /Gd /TP /analyze- /errorReport:prompt ..\loader.cpp
         loader.cpp
       ResourceCompile:
         C:\Program Files (x86)\Microsoft SDKs\Windows\v7.0A\bin\rc.exe /l"0x0409" /I..\..\public /nologo /fo"Release\version.res" ..\version.rc 
       Link:
         C:\Program Files (x86)\Microsoft Visual Studio 10.0\VC\bin\link.exe /ERRORREPORT:PROMPT /OUT:"E:\simillimum-central\msvc10\Release\simillimum_mm.dll" /INCREMENTAL:NO /NOLOGO kernel32.lib user32.lib gdi32.lib winspool.lib comdlg32.lib advapi32.lib shell32.lib ole32.lib oleaut32.lib uuid.lib odbc32.lib odbccp32.lib /NODEFAULTLIB:LIBC /NODEFAULTLIB:LIBCD /NODEFAULTLIB:LIBCMTD /MANIFEST /ManifestFile:"Release\simillimum_mm.dll.intermediate.manifest" /MANIFESTUAC:"level='asInvoker' uiAccess='false'" /DEBUG /PDB:"E:\simillimum-central\msvc10\Release\simillimum_mm.pdb" /SUBSYSTEM:WINDOWS /OPT:REF /OPT:ICF /LTCG /TLBID:1 /DYNAMICBASE:NO /IMPLIB:"E:\simillimum-central\msvc10\Release\simillimum_mm.lib" /MACHINE:X86 /DLL Release\version.res
         Release\loader.obj
            Creating library E:\simillimum-central\msvc10\Release\simillimum_mm.lib and object E:\simillimum-central\msvc10\Release\simillimum_mm.exp
         Generating code
         Finished generating code
         loader.vcxproj -> E:\simillimum-central\msvc10\Release\simillimum_mm.dll
       Manifest:
         C:\Program Files (x86)\Microsoft SDKs\Windows\v7.0A\bin\mt.exe /nologo /verbose /outputresource:"E:\simillimum-central\msvc10\Release\simillimum_mm.dll;#2" /manifest Release\simillimum_mm.dll.intermediate.manifest
       PostBuildEvent:
         IF NOT "%SMOUTDIR%"=="" copy /Y "E:\simillimum-central\msvc10\Release\simillimum_mm.dll" "%SMOUTDIR%\bin"
         :VCEnd
       FinalizeBuildStatus:
         Deleting file "Release\loader.unsuccessfulbuild".
         Touching "Release\loader.lastbuildstate".
     1>Done Building Project "E:\simillimum-central\loader\msvc10\loader.vcxproj" (Rebuild target(s)).

Build succeeded.

Time Elapsed 00:00:01.64
