E:\SIMILLIMUM-CENTRAL\LOADER\MSVC10\RELEASE\LOADER.OBJ
E:\SIMILLIMUM-CENTRAL\LOADER\MSVC10\RELEASE\VC100.PDB
E:\SIMILLIMUM-CENTRAL\LOADER\MSVC10\RELEASE\VERSION.RES
E:\SIMILLIMUM-CENTRAL\MSVC10\RELEASE\SIMILLIMUM_MM.DLL
E:\SIMILLIMUM-CENTRAL\LOADER\MSVC10\RELEASE\SIMILLIMUM_MM.DLL.INTERMEDIATE.MANIFEST
E:\SIMILLIMUM-CENTRAL\MSVC10\RELEASE\SIMILLIMUM_MM.PDB
E:\simillimum-central\msvc10\Release\simillimum_mm.lib
E:\simillimum-central\msvc10\Release\simillimum_mm.exp
E:\simillimum-central\loader\msvc10\Release\loader.obj
E:\simillimum-central\loader\msvc10\Release\CL.read.1.tlog
E:\simillimum-central\loader\msvc10\Release\CL.write.1.tlog
E:\simillimum-central\loader\msvc10\Release\cl.command.1.tlog
E:\simillimum-central\loader\msvc10\Release\rc.read.1.tlog
E:\simillimum-central\loader\msvc10\Release\rc.write.1.tlog
E:\simillimum-central\loader\msvc10\Release\rc.command.1.tlog
E:\simillimum-central\loader\msvc10\Release\link-cvtres.read.1.tlog
E:\simillimum-central\loader\msvc10\Release\link-cvtres.write.1.tlog
E:\simillimum-central\loader\msvc10\Release\link.read.1.tlog
E:\simillimum-central\loader\msvc10\Release\link.write.1.tlog
E:\simillimum-central\loader\msvc10\Release\link.command.1.tlog
E:\simillimum-central\loader\msvc10\Release\loader.write.1.tlog
E:\simillimum-central\loader\msvc10\Release\mt.read.1.tlog
E:\simillimum-central\loader\msvc10\Release\mt.write.1.tlog
E:\simillimum-central\loader\msvc10\Release\mt.command.1.tlog
E:\simillimum-central\loader\msvc10\Release\simillimum_mm.dll.intermediate.manifest
E:\simillimum-central\loader\msvc10\Release\version.res
E:\simillimum-central\loader\msvc10\Release\vc100.pdb
E:\simillimum-central\msvc10\Release\simillimum_mm.pdb
E:\simillimum-central\msvc10\Release\simillimum_mm.dll
