E:\SIMILLIMUM-CENTRAL\EXTENSIONS\TOPMENUS\MSVC10\RELEASE\SMSDK_EXT.OBJ
E:\SIMILLIMUM-CENTRAL\EXTENSIONS\TOPMENUS\MSVC10\RELEASE\SM_MEMTABLE.OBJ
E:\SIMILLIMUM-CENTRAL\EXTENSIONS\TOPMENUS\MSVC10\RELEASE\TOPMENUMANAGER.OBJ
E:\SIMILLIMUM-CENTRAL\EXTENSIONS\TOPMENUS\MSVC10\RELEASE\TOPMENU.OBJ
E:\SIMILLIMUM-CENTRAL\EXTENSIONS\TOPMENUS\MSVC10\RELEASE\SMN_TOPMENUS.OBJ
E:\SIMILLIMUM-CENTRAL\EXTENSIONS\TOPMENUS\MSVC10\RELEASE\EXTENSION.OBJ
E:\SIMILLIMUM-CENTRAL\EXTENSIONS\TOPMENUS\MSVC10\RELEASE\VC100.PDB
E:\SIMILLIMUM-CENTRAL\EXTENSIONS\TOPMENUS\MSVC10\RELEASE\VERSION.RES
E:\SIMILLIMUM-CENTRAL\MSVC10\RELEASE\TOPMENUS.EXT.DLL
E:\SIMILLIMUM-CENTRAL\EXTENSIONS\TOPMENUS\MSVC10\RELEASE\TOPMENUS.EXT.DLL.INTERMEDIATE.MANIFEST
E:\SIMILLIMUM-CENTRAL\MSVC10\RELEASE\TOPMENUS.EXT.PDB
E:\simillimum-central\msvc10\Release\topmenus.ext.lib
E:\simillimum-central\msvc10\Release\topmenus.ext.exp
E:\simillimum-central\extensions\topmenus\msvc10\Release\smsdk_ext.obj
E:\simillimum-central\extensions\topmenus\msvc10\Release\sm_memtable.obj
E:\simillimum-central\extensions\topmenus\msvc10\Release\TopMenuManager.obj
E:\simillimum-central\extensions\topmenus\msvc10\Release\TopMenu.obj
E:\simillimum-central\extensions\topmenus\msvc10\Release\smn_topmenus.obj
E:\simillimum-central\extensions\topmenus\msvc10\Release\extension.obj
E:\simillimum-central\extensions\topmenus\msvc10\Release\CL.read.1.tlog
E:\simillimum-central\extensions\topmenus\msvc10\Release\CL.write.1.tlog
E:\simillimum-central\extensions\topmenus\msvc10\Release\cl.command.1.tlog
E:\simillimum-central\extensions\topmenus\msvc10\Release\rc.read.1.tlog
E:\simillimum-central\extensions\topmenus\msvc10\Release\rc.write.1.tlog
E:\simillimum-central\extensions\topmenus\msvc10\Release\rc.command.1.tlog
E:\simillimum-central\extensions\topmenus\msvc10\Release\link-cvtres.read.1.tlog
E:\simillimum-central\extensions\topmenus\msvc10\Release\link-cvtres.write.1.tlog
E:\simillimum-central\extensions\topmenus\msvc10\Release\link.read.1.tlog
E:\simillimum-central\extensions\topmenus\msvc10\Release\link.write.1.tlog
E:\simillimum-central\extensions\topmenus\msvc10\Release\link.command.1.tlog
E:\simillimum-central\extensions\topmenus\msvc10\Release\topmenus.write.1.tlog
E:\simillimum-central\extensions\topmenus\msvc10\Release\mt.read.1.tlog
E:\simillimum-central\extensions\topmenus\msvc10\Release\mt.write.1.tlog
E:\simillimum-central\extensions\topmenus\msvc10\Release\mt.command.1.tlog
E:\simillimum-central\extensions\topmenus\msvc10\Release\topmenus.ext.dll.intermediate.manifest
E:\simillimum-central\extensions\topmenus\msvc10\Release\version.res
E:\simillimum-central\extensions\topmenus\msvc10\Release\vc100.pdb
E:\simillimum-central\msvc10\Release\topmenus.ext.pdb
E:\simillimum-central\msvc10\Release\topmenus.ext.dll
