Build started 2013.05.23. 4:31:56.
     1>Project "E:\simillimum-central\extensions\topmenus\msvc10\topmenus.vcxproj" on node 2 (Build target(s)).
     1>InitializeBuildStatus:
         Creating "Release\topmenus.unsuccessfulbuild" because "AlwaysCreate" was specified.
       ClCompile:
         All outputs are up-to-date.
       ResourceCompile:
         All outputs are up-to-date.
       Link:
         All outputs are up-to-date.
         topmenus.vcxproj -> E:\simillimum-central\msvc10\Release\topmenus.ext.dll
       PostBuildEvent:
         IF NOT "%SMOUTDIR%"=="" copy /Y "E:\simillimum-central\msvc10\Release\topmenus.ext.dll" "%SMOUTDIR%\extensions"
         :VCEnd
       FinalizeBuildStatus:
         Deleting file "Release\topmenus.unsuccessfulbuild".
         Touching "Release\topmenus.lastbuildstate".
     1>Done Building Project "E:\simillimum-central\extensions\topmenus\msvc10\topmenus.vcxproj" (Build target(s)).

Build succeeded.

Time Elapsed 00:00:00.03
