Build started 2012.10.27. 14:12:49.
     1>Project "G:\exts\sourcemod-central\extensions\cstrike\msvc10\cstrike.vcxproj" on node 2 (build target(s)).
     1>InitializeBuildStatus:
         Creating "Release - CS GO\cstrike.unsuccessfulbuild" because "AlwaysCreate" was specified.
       ClCompile:
         C:\Program Files (x86)\Microsoft Visual Studio 10.0\VC\bin\CL.exe /c /I.. /I..\sdk /I..\..\..\public /I..\..\..\public\sourcepawn /I..\..\..\public\extensions /I"g:\exts\hl2sdk-csgo\public" /I"g:\exts\hl2sdk-csgo\public\game\server" /I"g:\exts\hl2sdk-csgo\public\engine" /I"g:\exts\hl2sdk-csgo\public\tier0" /I"g:\exts\hl2sdk-csgo\public\tier1" /I"g:\exts\mmsource-central\core" /I"g:\exts\mmsource-central\core\sourcehook" /Zi /nologo /W3 /WX- /O2 /Ot /Oy- /GL /D WIN32 /D NDEBUG /D _WINDOWS /D _USRDLL /D CSTRIKE_EXPORTS /D _CRT_SECURE_NO_DEPRECATE /D SOURCEMOD_BUILD /D SOURCE_ENGINE=12 /D COMPILER_MSVC /D COMPILER_MSVC32 /D _WINDLL /D _MBCS /Gm- /EHsc /MT /GS /fp:precise /Zc:wchar_t /Zc:forScope /GR- /Fo"Release - CS GO\\" /Fd"Release - CS GO\vc100.pdb" /Gd /TP /analyze- /errorReport:prompt ..\extension.cpp ..\forwards.cpp ..\natives.cpp ..\RegNatives.cpp ..\timeleft.cpp ..\util_cstrike.cpp ..\sdk\smsdk_ext.cpp ..\CDetour\detours.cpp /D SE_EPISODEONE=1 /D SE_DARKMESSIAH=2 /D SE_ORANGEBOX=3 /D SE_BLOODYGOODTIME=4 /D SE_EYE=5 /D SE_CSS=6 /D SE_ORANGEBOXVALVE=7 /D SE_LEFT4DEAD=8 /D SE_LEFT4DEAD2=9 /D SE_ALIENSWARM=10 /D SE_PORTAL2=11 /D SE_CSGO=12
         extension.cpp
         forwards.cpp
         natives.cpp
         RegNatives.cpp
         timeleft.cpp
         util_cstrike.cpp
         smsdk_ext.cpp
         detours.cpp
         C:\Program Files (x86)\Microsoft Visual Studio 10.0\VC\bin\CL.exe /c /I.. /I..\sdk /I..\..\..\public /I..\..\..\public\sourcepawn /I..\..\..\public\extensions /I"g:\exts\hl2sdk-csgo\public" /I"g:\exts\hl2sdk-csgo\public\game\server" /I"g:\exts\hl2sdk-csgo\public\engine" /I"g:\exts\hl2sdk-csgo\public\tier0" /I"g:\exts\hl2sdk-csgo\public\tier1" /I"g:\exts\mmsource-central\core" /I"g:\exts\mmsource-central\core\sourcehook" /Zi /nologo /W3 /WX- /O2 /Ot /Oy- /GL /D WIN32 /D NDEBUG /D _WINDOWS /D _USRDLL /D CSTRIKE_EXPORTS /D _CRT_SECURE_NO_DEPRECATE /D SOURCEMOD_BUILD /D SOURCE_ENGINE=12 /D COMPILER_MSVC /D COMPILER_MSVC32 /D _WINDLL /D _MBCS /Gm- /EHsc /MT /GS /fp:precise /Zc:wchar_t /Zc:forScope /GR- /Fo"Release - CS GO\\" /Fd"Release - CS GO\vc100.pdb" /Gd /TC /analyze- /errorReport:prompt ..\asm\asm.c /D SE_EPISODEONE=1 /D SE_DARKMESSIAH=2 /D SE_ORANGEBOX=3 /D SE_BLOODYGOODTIME=4 /D SE_EYE=5 /D SE_CSS=6 /D SE_ORANGEBOXVALVE=7 /D SE_LEFT4DEAD=8 /D SE_LEFT4DEAD2=9 /D SE_ALIENSWARM=10 /D SE_PORTAL2=11 /D SE_CSGO=12
         asm.c
       Link:
         C:\Program Files (x86)\Microsoft Visual Studio 10.0\VC\bin\link.exe /ERRORREPORT:PROMPT /OUT:"G:\exts\sourcemod-central\extensions\cstrike\msvc10\Release - CS GO\game.cstrike.ext.2.csgo.dll" /INCREMENTAL:NO /NOLOGO "g:\exts\hl2sdk-csgo\lib\public\tier0.lib" "g:\exts\hl2sdk-csgo\lib\public\tier1.lib" "g:\exts\hl2sdk-csgo\lib\public\interfaces.lib" kernel32.lib user32.lib gdi32.lib winspool.lib comdlg32.lib advapi32.lib shell32.lib ole32.lib oleaut32.lib uuid.lib odbc32.lib odbccp32.lib /NODEFAULTLIB:LIBC /NODEFAULTLIB:LIBCD /NODEFAULTLIB:LIBCMTD /MANIFEST /ManifestFile:"Release - CS GO\game.cstrike.ext.2.csgo.dll.intermediate.manifest" /MANIFESTUAC:"level='asInvoker' uiAccess='false'" /DEBUG /PDB:"G:\exts\sourcemod-central\extensions\cstrike\msvc10\Release - CS GO\game.cstrike.ext.2.csgo.pdb" /SUBSYSTEM:WINDOWS /OPT:REF /OPT:ICF /LTCG /TLBID:1 /DYNAMICBASE:NO /IMPLIB:"G:\exts\sourcemod-central\extensions\cstrike\msvc10\Release - CS GO\game.cstrike.ext.2.csgo.lib" /MACHINE:X86 /DLL "Release - CS GO\extension.obj"
         "Release - CS GO\forwards.obj"
         "Release - CS GO\natives.obj"
         "Release - CS GO\RegNatives.obj"
         "Release - CS GO\timeleft.obj"
         "Release - CS GO\util_cstrike.obj"
         "Release - CS GO\smsdk_ext.obj"
         "Release - CS GO\asm.obj"
         "Release - CS GO\detours.obj"
            Creating library G:\exts\sourcemod-central\extensions\cstrike\msvc10\Release - CS GO\game.cstrike.ext.2.csgo.lib and object G:\exts\sourcemod-central\extensions\cstrike\msvc10\Release - CS GO\game.cstrike.ext.2.csgo.exp
         Generating code
         Finished generating code
         cstrike.vcxproj -> G:\exts\sourcemod-central\extensions\cstrike\msvc10\Release - CS GO\game.cstrike.ext.2.csgo.dll
       Manifest:
         C:\Program Files (x86)\Microsoft SDKs\Windows\v7.0A\bin\mt.exe /nologo /verbose /outputresource:"G:\exts\sourcemod-central\extensions\cstrike\msvc10\Release - CS GO\game.cstrike.ext.2.csgo.dll;#2" /manifest "Release - CS GO\game.cstrike.ext.2.csgo.dll.intermediate.manifest"
       PostBuildEvent:
         IF NOT "%SMOUTDIR%"=="" copy /Y "G:\exts\sourcemod-central\extensions\cstrike\msvc10\Release - CS GO\game.cstrike.ext.2.csgo.dll" "%SMOUTDIR%\extensions"
         :VCEnd
       FinalizeBuildStatus:
         Deleting file "Release - CS GO\cstrike.unsuccessfulbuild".
         Touching "Release - CS GO\cstrike.lastbuildstate".
     1>Done Building Project "G:\exts\sourcemod-central\extensions\cstrike\msvc10\cstrike.vcxproj" (build target(s)).

Build succeeded.

Time Elapsed 00:00:06.09
