Build started 2013.05.23. 4:31:56.
     1>Project "E:\simillimum-central\core\logic\msvc10\logic.vcxproj" on node 3 (Build target(s)).
     1>InitializeBuildStatus:
         Creating "Release\logic.unsuccessfulbuild" because "AlwaysCreate" was specified.
       ClCompile:
         C:\Program Files (x86)\Microsoft Visual Studio 10.0\VC\bin\CL.exe /c /I.. /I"G:\Coding\C++\exts\mmsource-central\core\sourcehook" /I..\..\..\public /I..\..\..\public\sourcepawn /Zi /nologo /W3 /WX- /O2 /Ot /Oy- /GL /D WIN32 /D NDEBUG /D _WINDOWS /D _USRDLL /D JITX86_EXPORTS /D _CRT_SECURE_NO_DEPRECATE /D SM_LOGIC /D SM_DEFAULT_THREADER /D _WINDLL /D _MBCS /Gm- /EHsc /MT /GS /fp:precise /Zc:wchar_t /Zc:forScope /GR- /Fo"Release\\" /Fd"Release\vc100.pdb" /Gd /TP /analyze- /errorReport:prompt ..\MemoryUtils.cpp
         MemoryUtils.cpp
       Link:
         C:\Program Files (x86)\Microsoft Visual Studio 10.0\VC\bin\link.exe /ERRORREPORT:PROMPT /OUT:"E:\simillimum-central\msvc10\Release\simillimum.logic.dll" /INCREMENTAL:NO /NOLOGO kernel32.lib user32.lib gdi32.lib winspool.lib comdlg32.lib advapi32.lib shell32.lib ole32.lib oleaut32.lib uuid.lib odbc32.lib odbccp32.lib /NODEFAULTLIB:LIBC /NODEFAULTLIB:LIBCD /NODEFAULTLIB:LIBCMTD /MANIFEST /ManifestFile:"Release\simillimum.logic.dll.intermediate.manifest" /MANIFESTUAC:"level='asInvoker' uiAccess='false'" /DEBUG /PDB:"E:\simillimum-central\msvc10\Release\simillimum.logic.pdb" /SUBSYSTEM:WINDOWS /OPT:REF /OPT:ICF /LTCG /TLBID:1 /DYNAMICBASE:NO /IMPLIB:"E:\simillimum-central\msvc10\Release\simillimum.logic.lib" /MACHINE:X86 /DLL Release\common_logic.obj
         Release\DebugReporter.obj
         Release\ExtensionSys.obj
         Release\GameConfigs.obj
         Release\HandleSys.obj
         Release\MemoryUtils.obj
         Release\NativeInvoker.obj
         Release\NativeOwner.obj
         Release\PhraseCollection.obj
         Release\PluginSys.obj
         Release\Profiler.obj
         Release\ShareSys.obj
         Release\smn_fakenatives.obj
         Release\smn_filesystem.obj
         Release\sm_crc32.obj
         Release\smn_admin.obj
         Release\smn_adt_array.obj
         Release\smn_adt_stack.obj
         Release\smn_adt_trie.obj
         Release\smn_banning.obj
         Release\smn_datapacks.obj
         Release\smn_float.obj
         Release\smn_functions.obj
         Release\smn_gameconfigs.obj
         Release\smn_handles.obj
         Release\smn_lang.obj
         Release\smn_maplists.obj
         Release\smn_players.obj
         Release\smn_sorting.obj
         Release\smn_string.obj
         Release\smn_textparse.obj
         Release\smn_timers.obj
         Release\stringutil.obj
         Release\TextParsers.obj
         Release\ThreadSupport.obj
         Release\Translator.obj
         Release\BaseWorker.obj
         Release\ThreadWorker.obj
         Release\WinThreads.obj
            Creating library E:\simillimum-central\msvc10\Release\simillimum.logic.lib and object E:\simillimum-central\msvc10\Release\simillimum.logic.exp
         Generating code
         Finished generating code
         logic.vcxproj -> E:\simillimum-central\msvc10\Release\simillimum.logic.dll
       Manifest:
         C:\Program Files (x86)\Microsoft SDKs\Windows\v7.0A\bin\mt.exe /nologo /verbose /outputresource:"E:\simillimum-central\msvc10\Release\simillimum.logic.dll;#2" /manifest Release\simillimum.logic.dll.intermediate.manifest
       PostBuildEvent:
         IF NOT "%SMOUTDIR%"=="" copy /Y "E:\simillimum-central\msvc10\Release\simillimum.logic.dll" "%SMOUTDIR%\bin"
         :VCEnd
       FinalizeBuildStatus:
         Deleting file "Release\logic.unsuccessfulbuild".
         Touching "Release\logic.lastbuildstate".
     1>Done Building Project "E:\simillimum-central\core\logic\msvc10\logic.vcxproj" (Build target(s)).

Build succeeded.

Time Elapsed 00:00:02.30
