E:\SIMILLIMUM-CENTRAL\CORE\LOGIC\MSVC10\RELEASE\SMN_BANNING.OBJ
E:\SIMILLIMUM-CENTRAL\CORE\LOGIC\MSVC10\RELEASE\SMN_ADT_TRIE.OBJ
E:\SIMILLIMUM-CENTRAL\CORE\LOGIC\MSVC10\RELEASE\SMN_ADT_STACK.OBJ
E:\SIMILLIMUM-CENTRAL\CORE\LOGIC\MSVC10\RELEASE\SMN_ADT_ARRAY.OBJ
E:\SIMILLIMUM-CENTRAL\CORE\LOGIC\MSVC10\RELEASE\SMN_ADMIN.OBJ
E:\SIMILLIMUM-CENTRAL\CORE\LOGIC\MSVC10\RELEASE\SM_CRC32.OBJ
E:\SIMILLIMUM-CENTRAL\CORE\LOGIC\MSVC10\RELEASE\SMN_FILESYSTEM.OBJ
E:\SIMILLIMUM-CENTRAL\CORE\LOGIC\MSVC10\RELEASE\SMN_FAKENATIVES.OBJ
E:\SIMILLIMUM-CENTRAL\CORE\LOGIC\MSVC10\RELEASE\SHARESYS.OBJ
E:\SIMILLIMUM-CENTRAL\CORE\LOGIC\MSVC10\RELEASE\PROFILER.OBJ
E:\SIMILLIMUM-CENTRAL\CORE\LOGIC\MSVC10\RELEASE\PLUGINSYS.OBJ
E:\SIMILLIMUM-CENTRAL\CORE\LOGIC\MSVC10\RELEASE\PHRASECOLLECTION.OBJ
E:\SIMILLIMUM-CENTRAL\CORE\LOGIC\MSVC10\RELEASE\NATIVEOWNER.OBJ
E:\SIMILLIMUM-CENTRAL\CORE\LOGIC\MSVC10\RELEASE\NATIVEINVOKER.OBJ
E:\SIMILLIMUM-CENTRAL\CORE\LOGIC\MSVC10\RELEASE\MEMORYUTILS.OBJ
E:\SIMILLIMUM-CENTRAL\CORE\LOGIC\MSVC10\RELEASE\HANDLESYS.OBJ
E:\SIMILLIMUM-CENTRAL\CORE\LOGIC\MSVC10\RELEASE\GAMECONFIGS.OBJ
E:\SIMILLIMUM-CENTRAL\CORE\LOGIC\MSVC10\RELEASE\EXTENSIONSYS.OBJ
E:\SIMILLIMUM-CENTRAL\CORE\LOGIC\MSVC10\RELEASE\DEBUGREPORTER.OBJ
E:\SIMILLIMUM-CENTRAL\CORE\LOGIC\MSVC10\RELEASE\COMMON_LOGIC.OBJ
E:\SIMILLIMUM-CENTRAL\CORE\LOGIC\MSVC10\RELEASE\WINTHREADS.OBJ
E:\SIMILLIMUM-CENTRAL\CORE\LOGIC\MSVC10\RELEASE\THREADWORKER.OBJ
E:\SIMILLIMUM-CENTRAL\CORE\LOGIC\MSVC10\RELEASE\BASEWORKER.OBJ
E:\SIMILLIMUM-CENTRAL\CORE\LOGIC\MSVC10\RELEASE\TRANSLATOR.OBJ
E:\SIMILLIMUM-CENTRAL\CORE\LOGIC\MSVC10\RELEASE\THREADSUPPORT.OBJ
E:\SIMILLIMUM-CENTRAL\CORE\LOGIC\MSVC10\RELEASE\TEXTPARSERS.OBJ
E:\SIMILLIMUM-CENTRAL\CORE\LOGIC\MSVC10\RELEASE\STRINGUTIL.OBJ
E:\SIMILLIMUM-CENTRAL\CORE\LOGIC\MSVC10\RELEASE\SMN_TIMERS.OBJ
E:\SIMILLIMUM-CENTRAL\CORE\LOGIC\MSVC10\RELEASE\SMN_TEXTPARSE.OBJ
E:\SIMILLIMUM-CENTRAL\CORE\LOGIC\MSVC10\RELEASE\SMN_STRING.OBJ
E:\SIMILLIMUM-CENTRAL\CORE\LOGIC\MSVC10\RELEASE\SMN_SORTING.OBJ
E:\SIMILLIMUM-CENTRAL\CORE\LOGIC\MSVC10\RELEASE\SMN_PLAYERS.OBJ
E:\SIMILLIMUM-CENTRAL\CORE\LOGIC\MSVC10\RELEASE\SMN_MAPLISTS.OBJ
E:\SIMILLIMUM-CENTRAL\CORE\LOGIC\MSVC10\RELEASE\SMN_LANG.OBJ
E:\SIMILLIMUM-CENTRAL\CORE\LOGIC\MSVC10\RELEASE\SMN_HANDLES.OBJ
E:\SIMILLIMUM-CENTRAL\CORE\LOGIC\MSVC10\RELEASE\SMN_GAMECONFIGS.OBJ
E:\SIMILLIMUM-CENTRAL\CORE\LOGIC\MSVC10\RELEASE\SMN_FUNCTIONS.OBJ
E:\SIMILLIMUM-CENTRAL\CORE\LOGIC\MSVC10\RELEASE\SMN_FLOAT.OBJ
E:\SIMILLIMUM-CENTRAL\CORE\LOGIC\MSVC10\RELEASE\SMN_DATAPACKS.OBJ
E:\SIMILLIMUM-CENTRAL\CORE\LOGIC\MSVC10\RELEASE\VC100.PDB
E:\SIMILLIMUM-CENTRAL\MSVC10\RELEASE\SIMILLIMUM.LOGIC.DLL
E:\SIMILLIMUM-CENTRAL\CORE\LOGIC\MSVC10\RELEASE\SIMILLIMUM.LOGIC.DLL.INTERMEDIATE.MANIFEST
E:\SIMILLIMUM-CENTRAL\MSVC10\RELEASE\SIMILLIMUM.LOGIC.PDB
E:\simillimum-central\msvc10\Release\simillimum.logic.lib
E:\simillimum-central\msvc10\Release\simillimum.logic.exp
E:\simillimum-central\core\logic\msvc10\Release\smn_banning.obj
E:\simillimum-central\core\logic\msvc10\Release\smn_adt_trie.obj
E:\simillimum-central\core\logic\msvc10\Release\smn_adt_stack.obj
E:\simillimum-central\core\logic\msvc10\Release\smn_adt_array.obj
E:\simillimum-central\core\logic\msvc10\Release\smn_admin.obj
E:\simillimum-central\core\logic\msvc10\Release\sm_crc32.obj
E:\simillimum-central\core\logic\msvc10\Release\smn_filesystem.obj
E:\simillimum-central\core\logic\msvc10\Release\smn_fakenatives.obj
E:\simillimum-central\core\logic\msvc10\Release\ShareSys.obj
E:\simillimum-central\core\logic\msvc10\Release\Profiler.obj
E:\simillimum-central\core\logic\msvc10\Release\PluginSys.obj
E:\simillimum-central\core\logic\msvc10\Release\PhraseCollection.obj
E:\simillimum-central\core\logic\msvc10\Release\NativeOwner.obj
E:\simillimum-central\core\logic\msvc10\Release\NativeInvoker.obj
E:\simillimum-central\core\logic\msvc10\Release\MemoryUtils.obj
E:\simillimum-central\core\logic\msvc10\Release\HandleSys.obj
E:\simillimum-central\core\logic\msvc10\Release\GameConfigs.obj
E:\simillimum-central\core\logic\msvc10\Release\ExtensionSys.obj
E:\simillimum-central\core\logic\msvc10\Release\DebugReporter.obj
E:\simillimum-central\core\logic\msvc10\Release\common_logic.obj
E:\simillimum-central\core\logic\msvc10\Release\WinThreads.obj
E:\simillimum-central\core\logic\msvc10\Release\ThreadWorker.obj
E:\simillimum-central\core\logic\msvc10\Release\BaseWorker.obj
E:\simillimum-central\core\logic\msvc10\Release\Translator.obj
E:\simillimum-central\core\logic\msvc10\Release\ThreadSupport.obj
E:\simillimum-central\core\logic\msvc10\Release\TextParsers.obj
E:\simillimum-central\core\logic\msvc10\Release\stringutil.obj
E:\simillimum-central\core\logic\msvc10\Release\smn_timers.obj
E:\simillimum-central\core\logic\msvc10\Release\smn_textparse.obj
E:\simillimum-central\core\logic\msvc10\Release\smn_string.obj
E:\simillimum-central\core\logic\msvc10\Release\smn_sorting.obj
E:\simillimum-central\core\logic\msvc10\Release\smn_players.obj
E:\simillimum-central\core\logic\msvc10\Release\smn_maplists.obj
E:\simillimum-central\core\logic\msvc10\Release\smn_lang.obj
E:\simillimum-central\core\logic\msvc10\Release\smn_handles.obj
E:\simillimum-central\core\logic\msvc10\Release\smn_gameconfigs.obj
E:\simillimum-central\core\logic\msvc10\Release\smn_functions.obj
E:\simillimum-central\core\logic\msvc10\Release\smn_float.obj
E:\simillimum-central\core\logic\msvc10\Release\smn_datapacks.obj
E:\simillimum-central\core\logic\msvc10\Release\CL.read.1.tlog
E:\simillimum-central\core\logic\msvc10\Release\CL.write.1.tlog
E:\simillimum-central\core\logic\msvc10\Release\cl.command.1.tlog
E:\simillimum-central\core\logic\msvc10\Release\link.read.1.tlog
E:\simillimum-central\core\logic\msvc10\Release\link.write.1.tlog
E:\simillimum-central\core\logic\msvc10\Release\link.command.1.tlog
E:\simillimum-central\core\logic\msvc10\Release\logic.write.1.tlog
E:\simillimum-central\core\logic\msvc10\Release\mt.read.1.tlog
E:\simillimum-central\core\logic\msvc10\Release\mt.write.1.tlog
E:\simillimum-central\core\logic\msvc10\Release\mt.command.1.tlog
E:\simillimum-central\core\logic\msvc10\Release\simillimum.logic.dll.intermediate.manifest
E:\simillimum-central\core\logic\msvc10\Release\vc100.pdb
E:\simillimum-central\msvc10\Release\simillimum.logic.pdb
E:\simillimum-central\msvc10\Release\simillimum.logic.dll
