E:\SIMILLIMUM-CENTRAL\EXTENSIONS\SDKHOOKS\MSVC10\RELEASE - CSS\VC100.PDB
E:\SIMILLIMUM-CENTRAL\EXTENSIONS\SDKHOOKS\MSVC10\RELEASE - CSS\VERSION.RES
E:\SIMILLIMUM-CENTRAL\MSVC10\RELEASE - CSS\SDKHOOKS.EXT.2.CSS.DLL
E:\SIMILLIMUM-CENTRAL\EXTENSIONS\SDKHOOKS\MSVC10\RELEASE - CSS\SDKHOOKS.EXT.2.CSS.DLL.INTERMEDIATE.MANIFEST
E:\SIMILLIMUM-CENTRAL\MSVC10\RELEASE - CSS\SDKHOOKS.EXT.2.CSS.PDB
E:\simillimum-central\msvc10\Release - CSS\sdkhooks.ext.2.css.lib
E:\simillimum-central\msvc10\Release - CSS\sdkhooks.ext.2.css.exp
E:\simillimum-central\extensions\sdkhooks\msvc10\Release - CSS\util.obj
E:\simillimum-central\extensions\sdkhooks\msvc10\Release - CSS\smsdk_ext.obj
E:\simillimum-central\extensions\sdkhooks\msvc10\Release - CSS\takedamageinfohack.obj
E:\simillimum-central\extensions\sdkhooks\msvc10\Release - CSS\natives.obj
E:\simillimum-central\extensions\sdkhooks\msvc10\Release - CSS\extension.obj
E:\simillimum-central\extensions\sdkhooks\msvc10\Release - CSS\CL.8344.read.1.tlog
E:\simillimum-central\extensions\sdkhooks\msvc10\Release - CSS\CL.9028.read.1.tlog
E:\simillimum-central\extensions\sdkhooks\msvc10\Release - CSS\CL.1116.read.1.tlog
E:\simillimum-central\extensions\sdkhooks\msvc10\Release - CSS\CL.9028.write.1.tlog
E:\simillimum-central\extensions\sdkhooks\msvc10\Release - CSS\CL.8344.write.1.tlog
E:\simillimum-central\extensions\sdkhooks\msvc10\Release - CSS\CL.1116.write.1.tlog
E:\simillimum-central\extensions\sdkhooks\msvc10\Release - CSS\CL.7044.read.1.tlog
E:\simillimum-central\extensions\sdkhooks\msvc10\Release - CSS\CL.7044.write.1.tlog
E:\simillimum-central\extensions\sdkhooks\msvc10\Release - CSS\CL.8272.read.1.tlog
E:\simillimum-central\extensions\sdkhooks\msvc10\Release - CSS\CL.8272.write.1.tlog
E:\simillimum-central\extensions\sdkhooks\msvc10\Release - CSS\CL.read.1.tlog
E:\simillimum-central\extensions\sdkhooks\msvc10\Release - CSS\cl.write.1.tlog
E:\simillimum-central\extensions\sdkhooks\msvc10\Release - CSS\cl.command.1.tlog
E:\simillimum-central\extensions\sdkhooks\msvc10\Release - CSS\rc.read.1.tlog
E:\simillimum-central\extensions\sdkhooks\msvc10\Release - CSS\rc.write.1.tlog
E:\simillimum-central\extensions\sdkhooks\msvc10\Release - CSS\rc.command.1.tlog
E:\simillimum-central\extensions\sdkhooks\msvc10\Release - CSS\link-cvtres.read.1.tlog
E:\simillimum-central\extensions\sdkhooks\msvc10\Release - CSS\link-cvtres.write.1.tlog
E:\simillimum-central\extensions\sdkhooks\msvc10\Release - CSS\link.read.1.tlog
E:\simillimum-central\extensions\sdkhooks\msvc10\Release - CSS\link.write.1.tlog
E:\simillimum-central\extensions\sdkhooks\msvc10\Release - CSS\link.command.1.tlog
E:\simillimum-central\extensions\sdkhooks\msvc10\Release - CSS\sdkhooks.write.1.tlog
E:\simillimum-central\extensions\sdkhooks\msvc10\Release - CSS\mt.read.1.tlog
E:\simillimum-central\extensions\sdkhooks\msvc10\Release - CSS\mt.write.1.tlog
E:\simillimum-central\extensions\sdkhooks\msvc10\Release - CSS\mt.command.1.tlog
E:\simillimum-central\extensions\sdkhooks\msvc10\Release - CSS\sdkhooks.ext.2.css.dll.intermediate.manifest
E:\simillimum-central\extensions\sdkhooks\msvc10\Release - CSS\version.res
E:\simillimum-central\extensions\sdkhooks\msvc10\Release - CSS\vc100.pdb
E:\simillimum-central\msvc10\Release - CSS\sdkhooks.ext.2.css.pdb
E:\simillimum-central\msvc10\Release - CSS\sdkhooks.ext.2.css.dll
